Started GET "/" for ::1 at 2020-11-16 19:22:54 -0500

ActiveRecord::NoDatabaseError - FATAL:  database "taskbunny_development" does not exist:

Started POST "/__better_errors/3fe2e65f32881029/variables" for ::1 at 2020-11-16 19:22:54 -0500
  [1m[35m (1.5ms)[0m  [1m[35mDROP DATABASE IF EXISTS "taskbunny_development"[0m
  ↳ bin/rails:9
  [1m[35m (0.2ms)[0m  [1m[35mDROP DATABASE IF EXISTS "taskbunny_test"[0m
  ↳ bin/rails:9
  [1m[35m (270.3ms)[0m  [1m[35mCREATE DATABASE "taskbunny_development" ENCODING = 'unicode'[0m
  ↳ bin/rails:9
  [1m[35m (96.0ms)[0m  [1m[35mCREATE DATABASE "taskbunny_test" ENCODING = 'unicode'[0m
  ↳ bin/rails:9
  [1m[35m (0.3ms)[0m  [1m[35mDROP DATABASE IF EXISTS "taskxtask_development"[0m
  ↳ bin/rails:9
  [1m[35m (0.4ms)[0m  [1m[35mDROP DATABASE IF EXISTS "taskxtask_test"[0m
  ↳ bin/rails:9
  [1m[35m (134.5ms)[0m  [1m[35mCREATE DATABASE "taskxtask_development" ENCODING = 'unicode'[0m
  ↳ bin/rails:9
  [1m[35m (150.3ms)[0m  [1m[35mCREATE DATABASE "taskxtask_test" ENCODING = 'unicode'[0m
  ↳ bin/rails:9
  [1m[35m (9.3ms)[0m  [1m[35mCREATE TABLE "schema_migrations" ("version" character varying NOT NULL PRIMARY KEY)[0m
  ↳ bin/rails:9
  [1m[35m (6.2ms)[0m  [1m[35mCREATE TABLE "ar_internal_metadata" ("key" character varying NOT NULL PRIMARY KEY, "value" character varying, "created_at" timestamp NOT NULL, "updated_at" timestamp NOT NULL)[0m
  ↳ bin/rails:9
  [1m[35m (1.1ms)[0m  [1m[34mSELECT pg_try_advisory_lock(841322683112022195)[0m
  ↳ bin/rails:9
  [1m[35m (1.3ms)[0m  [1m[34mSELECT "schema_migrations"."version" FROM "schema_migrations" ORDER BY "schema_migrations"."version" ASC[0m
  ↳ bin/rails:9
Migrating to CreateUsers (20201116200412)
  [1m[35m (0.2ms)[0m  [1m[35mBEGIN[0m
  ↳ bin/rails:9
  [1m[35m (10.8ms)[0m  [1m[35mCREATE TABLE "users" ("id" bigserial primary key, "username" character varying NOT NULL, "password_digest" character varying NOT NULL, "session_token" character varying NOT NULL, "email" character varying NOT NULL, "name" character varying, "description" character varying, "created_at" timestamp NOT NULL, "updated_at" timestamp NOT NULL)[0m
  ↳ db/migrate/20201116200412_create_users.rb:3
  [1m[35m (6.2ms)[0m  [1m[35mCREATE UNIQUE INDEX  "index_users_on_username" ON "users"  ("username")[0m
  ↳ db/migrate/20201116200412_create_users.rb:14
  [1m[35m (1.6ms)[0m  [1m[35mCREATE UNIQUE INDEX  "index_users_on_email" ON "users"  ("email")[0m
  ↳ db/migrate/20201116200412_create_users.rb:15
  [1m[35m (3.3ms)[0m  [1m[35mCREATE UNIQUE INDEX  "index_users_on_session_token" ON "users"  ("session_token")[0m
  ↳ db/migrate/20201116200412_create_users.rb:16
  [1m[36mActiveRecord::SchemaMigration Create (1.1ms)[0m  [1m[32mINSERT INTO "schema_migrations" ("version") VALUES ($1) RETURNING "version"[0m  [["version", "20201116200412"]]
  ↳ bin/rails:9
  [1m[35m (0.6ms)[0m  [1m[35mCOMMIT[0m
  ↳ bin/rails:9
Migrating to CreateTasks (20201116200857)
  [1m[35m (1.0ms)[0m  [1m[35mBEGIN[0m
  ↳ bin/rails:9
  [1m[35m (5.8ms)[0m  [1m[35mCREATE TABLE "tasks" ("id" bigserial primary key)[0m
  ↳ db/migrate/20201116200857_create_tasks.rb:3
  [1m[36mActiveRecord::SchemaMigration Create (0.4ms)[0m  [1m[32mINSERT INTO "schema_migrations" ("version") VALUES ($1) RETURNING "version"[0m  [["version", "20201116200857"]]
  ↳ bin/rails:9
  [1m[35m (1.3ms)[0m  [1m[35mCOMMIT[0m
  ↳ bin/rails:9
Migrating to CreateReviews (20201116201045)
  [1m[35m (0.5ms)[0m  [1m[35mBEGIN[0m
  ↳ bin/rails:9
  [1m[35m (8.5ms)[0m  [1m[35mCREATE TABLE "reviews" ("id" bigserial primary key, "rating" integer NOT NULL, "tasker_id" integer NOT NULL, "description" character varying, "created_at" timestamp NOT NULL, "updated_at" timestamp NOT NULL)[0m
  ↳ db/migrate/20201116201045_create_reviews.rb:3
  [1m[36mActiveRecord::SchemaMigration Create (0.6ms)[0m  [1m[32mINSERT INTO "schema_migrations" ("version") VALUES ($1) RETURNING "version"[0m  [["version", "20201116201045"]]
  ↳ bin/rails:9
  [1m[35m (0.7ms)[0m  [1m[35mCOMMIT[0m
  ↳ bin/rails:9
  [1m[36mActiveRecord::InternalMetadata Load (1.3ms)[0m  [1m[34mSELECT  "ar_internal_metadata".* FROM "ar_internal_metadata" WHERE "ar_internal_metadata"."key" = $1 LIMIT $2[0m  [["key", "environment"], ["LIMIT", 1]]
  ↳ bin/rails:9
  [1m[35m (0.3ms)[0m  [1m[35mBEGIN[0m
  ↳ bin/rails:9
  [1m[36mActiveRecord::InternalMetadata Create (1.8ms)[0m  [1m[32mINSERT INTO "ar_internal_metadata" ("key", "value", "created_at", "updated_at") VALUES ($1, $2, $3, $4) RETURNING "key"[0m  [["key", "environment"], ["value", "development"], ["created_at", "2020-11-17 00:41:25.923238"], ["updated_at", "2020-11-17 00:41:25.923238"]]
  ↳ bin/rails:9
  [1m[35m (0.6ms)[0m  [1m[35mCOMMIT[0m
  ↳ bin/rails:9
  [1m[35m (0.5ms)[0m  [1m[34mSELECT pg_advisory_unlock(841322683112022195)[0m
  ↳ bin/rails:9
  [1m[35m (0.5ms)[0m  [1m[34mSELECT "schema_migrations"."version" FROM "schema_migrations" ORDER BY "schema_migrations"."version" ASC[0m
  ↳ bin/rails:9
Started GET "/" for ::1 at 2020-11-16 19:43:42 -0500
  [1m[35m (1.4ms)[0m  [1m[34mSELECT "schema_migrations"."version" FROM "schema_migrations" ORDER BY "schema_migrations"."version" ASC[0m
  ↳ /Users/ray/.rbenv/versions/2.5.1/lib/ruby/gems/2.5.0/gems/activerecord-5.2.4.4/lib/active_record/log_subscriber.rb:98

ActionController::RoutingError - uninitialized constant StaticPagesController:

Started POST "/__better_errors/4a0f9239f66ff204/variables" for ::1 at 2020-11-16 19:43:42 -0500
Started GET "/" for ::1 at 2020-11-16 19:44:51 -0500
Processing by StaticPagesController#root as HTML
Completed 406 Not Acceptable in 209ms (ActiveRecord: 0.0ms)



ActionController::UnknownFormat - StaticPagesController#root is missing a template for this request format and variant.
request.formats: ["text/html"]
request.variant: []
NOTE! For XHR/Ajax or API requests, this action would normally respond with 204 No Content: an empty white screen. Since you're loading it in a web browser, we assume that you expected to actually render a template, not nothing, so we're showing an error to be extra-clear. If you expect 204 No Content, carry on. That's what you'll get from an XHR or API request. Give it a shot.:

Started POST "/__better_errors/096c1fbc560e0848/variables" for ::1 at 2020-11-16 19:44:52 -0500
Started GET "/" for ::1 at 2020-11-16 19:49:31 -0500
Processing by StaticPagesController#root as HTML
Completed 406 Not Acceptable in 218ms (ActiveRecord: 0.0ms)



ActionController::UnknownFormat - StaticPagesController#root is missing a template for this request format and variant.
request.formats: ["text/html"]
request.variant: []
NOTE! For XHR/Ajax or API requests, this action would normally respond with 204 No Content: an empty white screen. Since you're loading it in a web browser, we assume that you expected to actually render a template, not nothing, so we're showing an error to be extra-clear. If you expect 204 No Content, carry on. That's what you'll get from an XHR or API request. Give it a shot.:

Started POST "/__better_errors/b27dbceacd469122/variables" for ::1 at 2020-11-16 19:49:32 -0500
Started GET "/" for ::1 at 2020-11-16 19:54:20 -0500
Processing by StaticPagesController#root as HTML
Completed 406 Not Acceptable in 211ms (ActiveRecord: 0.0ms)



ActionController::UnknownFormat - StaticPagesController#root is missing a template for this request format and variant.
request.formats: ["text/html"]
request.variant: []
NOTE! For XHR/Ajax or API requests, this action would normally respond with 204 No Content: an empty white screen. Since you're loading it in a web browser, we assume that you expected to actually render a template, not nothing, so we're showing an error to be extra-clear. If you expect 204 No Content, carry on. That's what you'll get from an XHR or API request. Give it a shot.:

Started POST "/__better_errors/043cf3c5ddc6d158/variables" for ::1 at 2020-11-16 19:54:21 -0500
Started GET "/" for ::1 at 2020-11-16 20:05:02 -0500
Processing by StaticPagesController#root as HTML
  Rendering static_pages/root.html.erb within layouts/application
  Rendered static_pages/root.html.erb within layouts/application (1.9ms)
Completed 200 OK in 2203ms (Views: 2197.2ms | ActiveRecord: 0.0ms)


